mode: set
github.com/dolmatovDan/simplebank/db/sqlc/account.sql.go:28.98,39.2 4 1
github.com/dolmatovDan/simplebank/db/sqlc/account.sql.go:46.70,49.2 2 0
github.com/dolmatovDan/simplebank/db/sqlc/account.sql.go:56.79,67.2 4 0
github.com/dolmatovDan/simplebank/db/sqlc/account.sql.go:75.88,86.2 4 0
github.com/dolmatovDan/simplebank/db/sqlc/account.sql.go:102.98,104.16 2 0
github.com/dolmatovDan/simplebank/db/sqlc/account.sql.go:104.16,106.3 1 0
github.com/dolmatovDan/simplebank/db/sqlc/account.sql.go:107.2,109.18 3 0
github.com/dolmatovDan/simplebank/db/sqlc/account.sql.go:109.18,117.17 2 0
github.com/dolmatovDan/simplebank/db/sqlc/account.sql.go:117.17,119.4 1 0
github.com/dolmatovDan/simplebank/db/sqlc/account.sql.go:120.3,120.28 1 0
github.com/dolmatovDan/simplebank/db/sqlc/account.sql.go:122.2,122.35 1 0
github.com/dolmatovDan/simplebank/db/sqlc/account.sql.go:122.35,124.3 1 0
github.com/dolmatovDan/simplebank/db/sqlc/account.sql.go:125.2,125.19 1 0
github.com/dolmatovDan/simplebank/db/sqlc/account.sql.go:140.98,151.2 4 0
github.com/dolmatovDan/simplebank/db/sqlc/db.go:20.28,22.2 1 1
github.com/dolmatovDan/simplebank/db/sqlc/db.go:28.46,32.2 1 0
github.com/dolmatovDan/simplebank/db/sqlc/entry.sql.go:26.92,36.2 4 0
github.com/dolmatovDan/simplebank/db/sqlc/entry.sql.go:43.75,53.2 4 0
github.com/dolmatovDan/simplebank/db/sqlc/entry.sql.go:69.94,71.16 2 0
github.com/dolmatovDan/simplebank/db/sqlc/entry.sql.go:71.16,73.3 1 0
github.com/dolmatovDan/simplebank/db/sqlc/entry.sql.go:74.2,76.18 3 0
github.com/dolmatovDan/simplebank/db/sqlc/entry.sql.go:76.18,83.17 2 0
github.com/dolmatovDan/simplebank/db/sqlc/entry.sql.go:83.17,85.4 1 0
github.com/dolmatovDan/simplebank/db/sqlc/entry.sql.go:86.3,86.28 1 0
github.com/dolmatovDan/simplebank/db/sqlc/entry.sql.go:88.2,88.35 1 0
github.com/dolmatovDan/simplebank/db/sqlc/entry.sql.go:88.35,90.3 1 0
github.com/dolmatovDan/simplebank/db/sqlc/entry.sql.go:91.2,91.19 1 0
github.com/dolmatovDan/simplebank/db/sqlc/transfer.sql.go:28.101,39.2 4 0
github.com/dolmatovDan/simplebank/db/sqlc/transfer.sql.go:46.81,57.2 4 0
github.com/dolmatovDan/simplebank/db/sqlc/transfer.sql.go:76.101,83.16 2 0
github.com/dolmatovDan/simplebank/db/sqlc/transfer.sql.go:83.16,85.3 1 0
github.com/dolmatovDan/simplebank/db/sqlc/transfer.sql.go:86.2,88.18 3 0
github.com/dolmatovDan/simplebank/db/sqlc/transfer.sql.go:88.18,96.17 2 0
github.com/dolmatovDan/simplebank/db/sqlc/transfer.sql.go:96.17,98.4 1 0
github.com/dolmatovDan/simplebank/db/sqlc/transfer.sql.go:99.3,99.28 1 0
github.com/dolmatovDan/simplebank/db/sqlc/transfer.sql.go:101.2,101.35 1 0
github.com/dolmatovDan/simplebank/db/sqlc/transfer.sql.go:101.35,103.3 1 0
github.com/dolmatovDan/simplebank/db/sqlc/transfer.sql.go:104.2,104.19 1 0
